{
  "0 debug pnpm:scope": {
    "selected": 1
  },
  "1 error pnpm": {
    "code": "ELIFECYCLE",
    "errno": "ENOENT",
    "syscall": "spawn",
    "file": "sh",
    "pkgid": "@fanny-pack-ui/svelte-kit@0.0.27",
    "stage": "dev",
    "script": "vite dev",
    "pkgname": "@fanny-pack-ui/svelte-kit",
    "err": {
      "name": "pnpm",
      "message": "@fanny-pack-ui/svelte-kit@0.0.27 dev: `vite dev`\nspawn ENOENT",
      "code": "ELIFECYCLE",
      "stack": "pnpm: @fanny-pack-ui/svelte-kit@0.0.27 dev: `vite dev`\nspawn ENOENT\n    at ChildProcess.<anonymous> (/home/sam/.volta/tools/image/packages/pnpm/lib/node_modules/pnpm/dist/pnpm.cjs:93511:22)\n    at ChildProcess.emit (node:events:390:28)\n    at maybeClose (node:internal/child_process:1064:16)\n    at Process.ChildProcess._handle.onexit (node:internal/child_process:301:5)"
    }
  },
  "2 warn pnpm:global": " Local package.json exists, but node_modules missing, did you mean to install?"
}